2025-03-22 11:12:48,014 [main] INFO  o.s.b.t.c.SpringBootTestContextBootstrapper - Neither @ContextConfiguration nor @ContextHierarchy found for test class [com.example.demo.DemoApplicationTests], using SpringBootContextLoader
2025-03-22 11:12:48,018 [main] INFO  o.s.t.c.s.AbstractContextLoader - Could not detect default resource locations for test class [com.example.demo.DemoApplicationTests]: no resource found for suffixes {-context.xml, Context.groovy}.
2025-03-22 11:12:48,018 [main] INFO  o.s.t.c.s.AnnotationConfigContextLoaderUtils - Could not detect default configuration classes for test class [com.example.demo.DemoApplicationTests]: DemoApplicationTests does not declare any static, non-private, non-final, nested classes annotated with @Configuration.
2025-03-22 11:12:48,093 [main] INFO  o.s.b.t.c.SpringBootTestContextBootstrapper - Found @SpringBootConfiguration com.example.demo.DemoApplication for test class com.example.demo.DemoApplicationTests
2025-03-22 11:12:48,166 [main] INFO  o.s.b.t.c.SpringBootTestContextBootstrapper - Loaded default TestExecutionListener class names from location [META-INF/spring.factories]: [org.springframework.boot.test.mock.mockito.MockitoTestExecutionListener, org.springframework.boot.test.mock.mockito.ResetMocksTestExecutionListener, org.springframework.boot.test.autoconfigure.restdocs.RestDocsTestExecutionListener, org.springframework.boot.test.autoconfigure.web.client.MockRestServiceServerResetTestExecutionListener, org.springframework.boot.test.autoconfigure.web.servlet.MockMvcPrintOnlyOnFailureTestExecutionListener, org.springframework.boot.test.autoconfigure.web.servlet.WebDriverTestExecutionListener, org.springframework.boot.test.autoconfigure.webservices.client.MockWebServiceServerTestExecutionListener, org.springframework.test.context.web.ServletTestExecutionListener, org.springframework.test.context.support.DirtiesContextBeforeModesTestExecutionListener, org.springframework.test.context.event.ApplicationEventsTestExecutionListener, org.springframework.test.context.support.DependencyInjectionTestExecutionListener, org.springframework.test.context.support.DirtiesContextTestExecutionListener, org.springframework.test.context.transaction.TransactionalTestExecutionListener, org.springframework.test.context.jdbc.SqlScriptsTestExecutionListener, org.springframework.test.context.event.EventPublishingTestExecutionListener]
2025-03-22 11:12:48,174 [main] INFO  o.s.b.t.c.SpringBootTestContextBootstrapper - Using TestExecutionListeners: [org.springframework.test.context.web.ServletTestExecutionListener@b6b1987, org.springframework.test.context.support.DirtiesContextBeforeModesTestExecutionListener@6b44435b, org.springframework.test.context.event.ApplicationEventsTestExecutionListener@2ccca26f, org.springframework.boot.test.mock.mockito.MockitoTestExecutionListener@66b7550d, org.springframework.boot.test.autoconfigure.SpringBootDependencyInjectionTestExecutionListener@3543df7d, org.springframework.test.context.support.DirtiesContextTestExecutionListener@7c541c15, org.springframework.test.context.event.EventPublishingTestExecutionListener@3542162a, org.springframework.boot.test.mock.mockito.ResetMocksTestExecutionListener@698122b2, org.springframework.boot.test.autoconfigure.restdocs.RestDocsTestExecutionListener@4212a0c8, org.springframework.boot.test.autoconfigure.web.client.MockRestServiceServerResetTestExecutionListener@1e7aa82b, org.springframework.boot.test.autoconfigure.web.servlet.MockMvcPrintOnlyOnFailureTestExecutionListener@3b2c0e88, org.springframework.boot.test.autoconfigure.web.servlet.WebDriverTestExecutionListener@5bd82fed, org.springframework.boot.test.autoconfigure.webservices.client.MockWebServiceServerTestExecutionListener@c1bd0be]
2025-03-22 11:12:48,359 [main] INFO  c.example.demo.DemoApplicationTests - Starting DemoApplicationTests using Java 17.0.12 on DESKTOP-T79U3K4 with PID 35772 (started by naples in C:\Users\naples\Desktop\Vue\demo\demo-start)
2025-03-22 11:12:48,359 [main] INFO  c.example.demo.DemoApplicationTests - No active profile set, falling back to 1 default profile: "default"
2025-03-22 11:12:49,311 [main] INFO  o.s.b.a.w.s.WelcomePageHandlerMapping - Adding welcome page: class path resource [static/index.html]
2025-03-22 11:12:49,472 [main] INFO  c.example.demo.DemoApplicationTests - Started DemoApplicationTests in 1.267 seconds (JVM running for 1.968)
2025-03-25 14:02:38,789 [main] INFO  o.s.b.t.c.SpringBootTestContextBootstrapper - Neither @ContextConfiguration nor @ContextHierarchy found for test class [com.example.demo.DemoApplicationTests], using SpringBootContextLoader
2025-03-25 14:02:38,794 [main] INFO  o.s.t.c.s.AbstractContextLoader - Could not detect default resource locations for test class [com.example.demo.DemoApplicationTests]: no resource found for suffixes {-context.xml, Context.groovy}.
2025-03-25 14:02:38,794 [main] INFO  o.s.t.c.s.AnnotationConfigContextLoaderUtils - Could not detect default configuration classes for test class [com.example.demo.DemoApplicationTests]: DemoApplicationTests does not declare any static, non-private, non-final, nested classes annotated with @Configuration.
2025-03-25 14:02:38,869 [main] INFO  o.s.b.t.c.SpringBootTestContextBootstrapper - Found @SpringBootConfiguration com.example.demo.DemoApplication for test class com.example.demo.DemoApplicationTests
2025-03-25 14:02:38,949 [main] INFO  o.s.b.t.c.SpringBootTestContextBootstrapper - Loaded default TestExecutionListener class names from location [META-INF/spring.factories]: [org.springframework.boot.test.mock.mockito.MockitoTestExecutionListener, org.springframework.boot.test.mock.mockito.ResetMocksTestExecutionListener, org.springframework.boot.test.autoconfigure.restdocs.RestDocsTestExecutionListener, org.springframework.boot.test.autoconfigure.web.client.MockRestServiceServerResetTestExecutionListener, org.springframework.boot.test.autoconfigure.web.servlet.MockMvcPrintOnlyOnFailureTestExecutionListener, org.springframework.boot.test.autoconfigure.web.servlet.WebDriverTestExecutionListener, org.springframework.boot.test.autoconfigure.webservices.client.MockWebServiceServerTestExecutionListener, org.springframework.test.context.web.ServletTestExecutionListener, org.springframework.test.context.support.DirtiesContextBeforeModesTestExecutionListener, org.springframework.test.context.event.ApplicationEventsTestExecutionListener, org.springframework.test.context.support.DependencyInjectionTestExecutionListener, org.springframework.test.context.support.DirtiesContextTestExecutionListener, org.springframework.test.context.transaction.TransactionalTestExecutionListener, org.springframework.test.context.jdbc.SqlScriptsTestExecutionListener, org.springframework.test.context.event.EventPublishingTestExecutionListener]
2025-03-25 14:02:38,957 [main] INFO  o.s.b.t.c.SpringBootTestContextBootstrapper - Using TestExecutionListeners: [org.springframework.test.context.web.ServletTestExecutionListener@b6b1987, org.springframework.test.context.support.DirtiesContextBeforeModesTestExecutionListener@6b44435b, org.springframework.test.context.event.ApplicationEventsTestExecutionListener@2ccca26f, org.springframework.boot.test.mock.mockito.MockitoTestExecutionListener@66b7550d, org.springframework.boot.test.autoconfigure.SpringBootDependencyInjectionTestExecutionListener@3543df7d, org.springframework.test.context.support.DirtiesContextTestExecutionListener@7c541c15, org.springframework.test.context.event.EventPublishingTestExecutionListener@3542162a, org.springframework.boot.test.mock.mockito.ResetMocksTestExecutionListener@698122b2, org.springframework.boot.test.autoconfigure.restdocs.RestDocsTestExecutionListener@4212a0c8, org.springframework.boot.test.autoconfigure.web.client.MockRestServiceServerResetTestExecutionListener@1e7aa82b, org.springframework.boot.test.autoconfigure.web.servlet.MockMvcPrintOnlyOnFailureTestExecutionListener@3b2c0e88, org.springframework.boot.test.autoconfigure.web.servlet.WebDriverTestExecutionListener@5bd82fed, org.springframework.boot.test.autoconfigure.webservices.client.MockWebServiceServerTestExecutionListener@c1bd0be]
2025-03-25 14:02:39,176 [main] INFO  c.example.demo.DemoApplicationTests - Starting DemoApplicationTests using Java 17.0.12 on DESKTOP-T79U3K4 with PID 19148 (started by naples in C:\Users\naples\Desktop\Vue\demo\demo-start)
2025-03-25 14:02:39,176 [main] INFO  c.example.demo.DemoApplicationTests - No active profile set, falling back to 1 default profile: "default"
2025-03-25 14:02:40,122 [main] INFO  o.s.b.a.w.s.WelcomePageHandlerMapping - Adding welcome page: class path resource [static/index.html]
2025-03-25 14:02:40,297 [main] INFO  c.example.demo.DemoApplicationTests - Started DemoApplicationTests in 1.314 seconds (JVM running for 2.051)
2025-03-25 14:15:21,558 [main] INFO  o.s.b.t.c.SpringBootTestContextBootstrapper - Neither @ContextConfiguration nor @ContextHierarchy found for test class [com.example.demo.DemoApplicationTests], using SpringBootContextLoader
2025-03-25 14:15:21,562 [main] INFO  o.s.t.c.s.AbstractContextLoader - Could not detect default resource locations for test class [com.example.demo.DemoApplicationTests]: no resource found for suffixes {-context.xml, Context.groovy}.
2025-03-25 14:15:21,563 [main] INFO  o.s.t.c.s.AnnotationConfigContextLoaderUtils - Could not detect default configuration classes for test class [com.example.demo.DemoApplicationTests]: DemoApplicationTests does not declare any static, non-private, non-final, nested classes annotated with @Configuration.
2025-03-25 14:15:21,626 [main] INFO  o.s.b.t.c.SpringBootTestContextBootstrapper - Found @SpringBootConfiguration com.example.demo.DemoApplication for test class com.example.demo.DemoApplicationTests
2025-03-25 14:15:21,699 [main] INFO  o.s.b.t.c.SpringBootTestContextBootstrapper - Loaded default TestExecutionListener class names from location [META-INF/spring.factories]: [org.springframework.boot.test.mock.mockito.MockitoTestExecutionListener, org.springframework.boot.test.mock.mockito.ResetMocksTestExecutionListener, org.springframework.boot.test.autoconfigure.restdocs.RestDocsTestExecutionListener, org.springframework.boot.test.autoconfigure.web.client.MockRestServiceServerResetTestExecutionListener, org.springframework.boot.test.autoconfigure.web.servlet.MockMvcPrintOnlyOnFailureTestExecutionListener, org.springframework.boot.test.autoconfigure.web.servlet.WebDriverTestExecutionListener, org.springframework.boot.test.autoconfigure.webservices.client.MockWebServiceServerTestExecutionListener, org.springframework.test.context.web.ServletTestExecutionListener, org.springframework.test.context.support.DirtiesContextBeforeModesTestExecutionListener, org.springframework.test.context.event.ApplicationEventsTestExecutionListener, org.springframework.test.context.support.DependencyInjectionTestExecutionListener, org.springframework.test.context.support.DirtiesContextTestExecutionListener, org.springframework.test.context.transaction.TransactionalTestExecutionListener, org.springframework.test.context.jdbc.SqlScriptsTestExecutionListener, org.springframework.test.context.event.EventPublishingTestExecutionListener]
2025-03-25 14:15:21,706 [main] INFO  o.s.b.t.c.SpringBootTestContextBootstrapper - Using TestExecutionListeners: [org.springframework.test.context.web.ServletTestExecutionListener@b6b1987, org.springframework.test.context.support.DirtiesContextBeforeModesTestExecutionListener@6b44435b, org.springframework.test.context.event.ApplicationEventsTestExecutionListener@2ccca26f, org.springframework.boot.test.mock.mockito.MockitoTestExecutionListener@66b7550d, org.springframework.boot.test.autoconfigure.SpringBootDependencyInjectionTestExecutionListener@3543df7d, org.springframework.test.context.support.DirtiesContextTestExecutionListener@7c541c15, org.springframework.test.context.event.EventPublishingTestExecutionListener@3542162a, org.springframework.boot.test.mock.mockito.ResetMocksTestExecutionListener@698122b2, org.springframework.boot.test.autoconfigure.restdocs.RestDocsTestExecutionListener@4212a0c8, org.springframework.boot.test.autoconfigure.web.client.MockRestServiceServerResetTestExecutionListener@1e7aa82b, org.springframework.boot.test.autoconfigure.web.servlet.MockMvcPrintOnlyOnFailureTestExecutionListener@3b2c0e88, org.springframework.boot.test.autoconfigure.web.servlet.WebDriverTestExecutionListener@5bd82fed, org.springframework.boot.test.autoconfigure.webservices.client.MockWebServiceServerTestExecutionListener@c1bd0be]
2025-03-25 14:15:21,913 [main] INFO  c.example.demo.DemoApplicationTests - Starting DemoApplicationTests using Java 17.0.12 on DESKTOP-T79U3K4 with PID 18344 (started by naples in C:\Users\naples\Desktop\Vue\demo\demo-start)
2025-03-25 14:15:21,914 [main] INFO  c.example.demo.DemoApplicationTests - No active profile set, falling back to 1 default profile: "default"
2025-03-25 14:15:22,852 [main] INFO  o.s.b.a.w.s.WelcomePageHandlerMapping - Adding welcome page: class path resource [static/index.html]
2025-03-25 14:15:23,033 [main] INFO  c.example.demo.DemoApplicationTests - Started DemoApplicationTests in 1.303 seconds (JVM running for 1.955)
2025-03-26 16:38:34,940 [main] INFO  o.s.b.t.c.SpringBootTestContextBootstrapper - Neither @ContextConfiguration nor @ContextHierarchy found for test class [com.example.demo.DemoApplicationTests], using SpringBootContextLoader
2025-03-26 16:38:34,945 [main] INFO  o.s.t.c.s.AbstractContextLoader - Could not detect default resource locations for test class [com.example.demo.DemoApplicationTests]: no resource found for suffixes {-context.xml, Context.groovy}.
2025-03-26 16:38:34,945 [main] INFO  o.s.t.c.s.AnnotationConfigContextLoaderUtils - Could not detect default configuration classes for test class [com.example.demo.DemoApplicationTests]: DemoApplicationTests does not declare any static, non-private, non-final, nested classes annotated with @Configuration.
2025-03-26 16:38:35,013 [main] INFO  o.s.b.t.c.SpringBootTestContextBootstrapper - Found @SpringBootConfiguration com.example.demo.DemoApplication for test class com.example.demo.DemoApplicationTests
2025-03-26 16:38:35,087 [main] INFO  o.s.b.t.c.SpringBootTestContextBootstrapper - Loaded default TestExecutionListener class names from location [META-INF/spring.factories]: [org.springframework.boot.test.mock.mockito.MockitoTestExecutionListener, org.springframework.boot.test.mock.mockito.ResetMocksTestExecutionListener, org.springframework.boot.test.autoconfigure.restdocs.RestDocsTestExecutionListener, org.springframework.boot.test.autoconfigure.web.client.MockRestServiceServerResetTestExecutionListener, org.springframework.boot.test.autoconfigure.web.servlet.MockMvcPrintOnlyOnFailureTestExecutionListener, org.springframework.boot.test.autoconfigure.web.servlet.WebDriverTestExecutionListener, org.springframework.boot.test.autoconfigure.webservices.client.MockWebServiceServerTestExecutionListener, org.springframework.test.context.web.ServletTestExecutionListener, org.springframework.test.context.support.DirtiesContextBeforeModesTestExecutionListener, org.springframework.test.context.event.ApplicationEventsTestExecutionListener, org.springframework.test.context.support.DependencyInjectionTestExecutionListener, org.springframework.test.context.support.DirtiesContextTestExecutionListener, org.springframework.test.context.transaction.TransactionalTestExecutionListener, org.springframework.test.context.jdbc.SqlScriptsTestExecutionListener, org.springframework.test.context.event.EventPublishingTestExecutionListener]
2025-03-26 16:38:35,094 [main] INFO  o.s.b.t.c.SpringBootTestContextBootstrapper - Using TestExecutionListeners: [org.springframework.test.context.web.ServletTestExecutionListener@b6b1987, org.springframework.test.context.support.DirtiesContextBeforeModesTestExecutionListener@6b44435b, org.springframework.test.context.event.ApplicationEventsTestExecutionListener@2ccca26f, org.springframework.boot.test.mock.mockito.MockitoTestExecutionListener@66b7550d, org.springframework.boot.test.autoconfigure.SpringBootDependencyInjectionTestExecutionListener@3543df7d, org.springframework.test.context.support.DirtiesContextTestExecutionListener@7c541c15, org.springframework.test.context.event.EventPublishingTestExecutionListener@3542162a, org.springframework.boot.test.mock.mockito.ResetMocksTestExecutionListener@698122b2, org.springframework.boot.test.autoconfigure.restdocs.RestDocsTestExecutionListener@4212a0c8, org.springframework.boot.test.autoconfigure.web.client.MockRestServiceServerResetTestExecutionListener@1e7aa82b, org.springframework.boot.test.autoconfigure.web.servlet.MockMvcPrintOnlyOnFailureTestExecutionListener@3b2c0e88, org.springframework.boot.test.autoconfigure.web.servlet.WebDriverTestExecutionListener@5bd82fed, org.springframework.boot.test.autoconfigure.webservices.client.MockWebServiceServerTestExecutionListener@c1bd0be]
2025-03-26 16:38:35,302 [main] INFO  c.example.demo.DemoApplicationTests - Starting DemoApplicationTests using Java 17.0.12 on DESKTOP-T79U3K4 with PID 14256 (started by naples in C:\Users\naples\Desktop\Vue\demo\demo-start)
2025-03-26 16:38:35,303 [main] INFO  c.example.demo.DemoApplicationTests - No active profile set, falling back to 1 default profile: "default"
2025-03-26 16:38:36,297 [main] INFO  o.s.b.a.w.s.WelcomePageHandlerMapping - Adding welcome page: class path resource [static/index.html]
2025-03-26 16:38:36,498 [main] INFO  c.example.demo.DemoApplicationTests - Started DemoApplicationTests in 1.381 seconds (JVM running for 2.048)
2025-03-26 16:53:26,990 [main] INFO  com.example.demo.DemoApplication - Starting DemoApplication using Java 17.0.12 on DESKTOP-T79U3K4 with PID 17724 (C:\Users\naples\Desktop\Vue\demo\demo-start\target\demo-start-0.0.1-SNAPSHOT.jar started by naples in C:\Users\naples\Desktop\Vue\demo\demo-start)
2025-03-26 16:53:26,993 [main] INFO  com.example.demo.DemoApplication - No active profile set, falling back to 1 default profile: "default"
2025-03-26 16:53:27,736 [main] INFO  o.s.b.w.e.tomcat.TomcatWebServer - Tomcat initialized with port(s): 8080 (http)
2025-03-26 16:53:27,746 [main] INFO  o.a.coyote.http11.Http11NioProtocol - Initializing ProtocolHandler ["http-nio-8080"]
2025-03-26 16:53:27,746 [main] INFO  o.a.catalina.core.StandardService - Starting service [Tomcat]
2025-03-26 16:53:27,747 [main] INFO  o.a.catalina.core.StandardEngine - Starting Servlet engine: [Apache Tomcat/9.0.69]
2025-03-26 16:53:27,812 [main] INFO  o.a.c.c.C.[Tomcat].[localhost].[/] - Initializing Spring embedded WebApplicationContext
2025-03-26 16:53:27,812 [main] INFO  o.s.b.w.s.c.ServletWebServerApplicationContext - Root WebApplicationContext: initialization completed in 776 ms
2025-03-26 16:53:28,144 [main] INFO  o.a.coyote.http11.Http11NioProtocol - Starting ProtocolHandler ["http-nio-8080"]
2025-03-26 16:53:28,168 [main] INFO  o.s.b.w.e.tomcat.TomcatWebServer - Tomcat started on port(s): 8080 (http) with context path ''
2025-03-26 16:53:28,178 [main] INFO  com.example.demo.DemoApplication - Started DemoApplication in 1.52 seconds (JVM running for 1.867)
2025-03-26 16:54:05,080 [http-nio-8080-exec-1] INFO  o.a.c.c.C.[Tomcat].[localhost].[/] - Initializing Spring DispatcherServlet 'dispatcherServlet'
2025-03-26 16:54:05,080 [http-nio-8080-exec-1] INFO  o.s.web.servlet.DispatcherServlet - Initializing Servlet 'dispatcherServlet'
2025-03-26 16:54:05,081 [http-nio-8080-exec-1] INFO  o.s.web.servlet.DispatcherServlet - Completed initialization in 1 ms
2025-03-26 17:01:24,245 [main] INFO  com.example.demo.DemoApplication - Starting DemoApplication using Java 17.0.12 on DESKTOP-T79U3K4 with PID 20808 (C:\Users\naples\Desktop\Vue\demo\demo-start\target\demo-start-0.0.1-SNAPSHOT.jar started by naples in C:\Users\naples\Desktop\Vue\demo\demo-start)
2025-03-26 17:01:24,249 [main] INFO  com.example.demo.DemoApplication - No active profile set, falling back to 1 default profile: "default"
2025-03-26 17:01:24,992 [main] INFO  o.s.b.w.e.tomcat.TomcatWebServer - Tomcat initialized with port(s): 8080 (http)
2025-03-26 17:01:25,000 [main] INFO  o.a.coyote.http11.Http11NioProtocol - Initializing ProtocolHandler ["http-nio-8080"]
2025-03-26 17:01:25,001 [main] INFO  o.a.catalina.core.StandardService - Starting service [Tomcat]
2025-03-26 17:01:25,001 [main] INFO  o.a.catalina.core.StandardEngine - Starting Servlet engine: [Apache Tomcat/9.0.69]
2025-03-26 17:01:25,064 [main] INFO  o.a.c.c.C.[Tomcat].[localhost].[/] - Initializing Spring embedded WebApplicationContext
2025-03-26 17:01:25,065 [main] INFO  o.s.b.w.s.c.ServletWebServerApplicationContext - Root WebApplicationContext: initialization completed in 769 ms
2025-03-26 17:01:25,393 [main] INFO  o.a.coyote.http11.Http11NioProtocol - Starting ProtocolHandler ["http-nio-8080"]
2025-03-26 17:01:25,400 [main] WARN  o.s.b.w.s.c.AnnotationConfigServletWebServerApplicationContext - Exception encountered during context initialization - cancelling refresh attempt: org.springframework.context.ApplicationContextException: Failed to start bean 'webServerStartStop'; nested exception is org.springframework.boot.web.server.PortInUseException: Port 8080 is already in use
2025-03-26 17:01:25,404 [main] INFO  o.a.coyote.http11.Http11NioProtocol - Pausing ProtocolHandler ["http-nio-8080"]
2025-03-26 17:01:25,404 [main] INFO  o.a.catalina.core.StandardService - Stopping service [Tomcat]
2025-03-26 17:01:25,409 [main] INFO  o.a.coyote.http11.Http11NioProtocol - Stopping ProtocolHandler ["http-nio-8080"]
2025-03-26 17:01:25,409 [main] INFO  o.a.coyote.http11.Http11NioProtocol - Destroying ProtocolHandler ["http-nio-8080"]
2025-03-26 17:01:25,415 [main] INFO  o.s.b.a.l.ConditionEvaluationReportLoggingListener - 

Error starting ApplicationContext. To display the conditions report re-run your application with 'debug' enabled.
2025-03-26 17:01:25,430 [main] ERROR o.s.b.d.LoggingFailureAnalysisReporter - 

***************************
APPLICATION FAILED TO START
***************************

Description:

Web server failed to start. Port 8080 was already in use.

Action:

Identify and stop the process that's listening on port 8080 or configure this application to listen on another port.

2025-03-26 17:14:05,943 [main] INFO  o.s.b.t.c.SpringBootTestContextBootstrapper - Neither @ContextConfiguration nor @ContextHierarchy found for test class [com.example.demo.DemoApplicationTests], using SpringBootContextLoader
2025-03-26 17:14:05,948 [main] INFO  o.s.t.c.s.AbstractContextLoader - Could not detect default resource locations for test class [com.example.demo.DemoApplicationTests]: no resource found for suffixes {-context.xml, Context.groovy}.
2025-03-26 17:14:05,949 [main] INFO  o.s.t.c.s.AnnotationConfigContextLoaderUtils - Could not detect default configuration classes for test class [com.example.demo.DemoApplicationTests]: DemoApplicationTests does not declare any static, non-private, non-final, nested classes annotated with @Configuration.
2025-03-26 17:14:06,022 [main] INFO  o.s.b.t.c.SpringBootTestContextBootstrapper - Found @SpringBootConfiguration com.example.demo.DemoApplication for test class com.example.demo.DemoApplicationTests
2025-03-26 17:14:06,107 [main] INFO  o.s.b.t.c.SpringBootTestContextBootstrapper - Loaded default TestExecutionListener class names from location [META-INF/spring.factories]: [org.springframework.boot.test.mock.mockito.MockitoTestExecutionListener, org.springframework.boot.test.mock.mockito.ResetMocksTestExecutionListener, org.springframework.boot.test.autoconfigure.restdocs.RestDocsTestExecutionListener, org.springframework.boot.test.autoconfigure.web.client.MockRestServiceServerResetTestExecutionListener, org.springframework.boot.test.autoconfigure.web.servlet.MockMvcPrintOnlyOnFailureTestExecutionListener, org.springframework.boot.test.autoconfigure.web.servlet.WebDriverTestExecutionListener, org.springframework.boot.test.autoconfigure.webservices.client.MockWebServiceServerTestExecutionListener, org.springframework.test.context.web.ServletTestExecutionListener, org.springframework.test.context.support.DirtiesContextBeforeModesTestExecutionListener, org.springframework.test.context.event.ApplicationEventsTestExecutionListener, org.springframework.test.context.support.DependencyInjectionTestExecutionListener, org.springframework.test.context.support.DirtiesContextTestExecutionListener, org.springframework.test.context.transaction.TransactionalTestExecutionListener, org.springframework.test.context.jdbc.SqlScriptsTestExecutionListener, org.springframework.test.context.event.EventPublishingTestExecutionListener]
2025-03-26 17:14:06,116 [main] INFO  o.s.b.t.c.SpringBootTestContextBootstrapper - Using TestExecutionListeners: [org.springframework.test.context.web.ServletTestExecutionListener@31aa3ca5, org.springframework.test.context.support.DirtiesContextBeforeModesTestExecutionListener@45905bff, org.springframework.test.context.event.ApplicationEventsTestExecutionListener@2a2c13a8, org.springframework.boot.test.mock.mockito.MockitoTestExecutionListener@b6b1987, org.springframework.boot.test.autoconfigure.SpringBootDependencyInjectionTestExecutionListener@6b44435b, org.springframework.test.context.support.DirtiesContextTestExecutionListener@2ccca26f, org.springframework.test.context.event.EventPublishingTestExecutionListener@66b7550d, org.springframework.boot.test.mock.mockito.ResetMocksTestExecutionListener@3543df7d, org.springframework.boot.test.autoconfigure.restdocs.RestDocsTestExecutionListener@7c541c15, org.springframework.boot.test.autoconfigure.web.client.MockRestServiceServerResetTestExecutionListener@3542162a, org.springframework.boot.test.autoconfigure.web.servlet.MockMvcPrintOnlyOnFailureTestExecutionListener@698122b2, org.springframework.boot.test.autoconfigure.web.servlet.WebDriverTestExecutionListener@4212a0c8, org.springframework.boot.test.autoconfigure.webservices.client.MockWebServiceServerTestExecutionListener@1e7aa82b]
2025-03-26 17:14:06,315 [main] INFO  c.example.demo.DemoApplicationTests - Starting DemoApplicationTests using Java 17.0.12 on DESKTOP-T79U3K4 with PID 19256 (started by naples in C:\Users\naples\Desktop\Vue\demo\demo-start)
2025-03-26 17:14:06,316 [main] INFO  c.example.demo.DemoApplicationTests - No active profile set, falling back to 1 default profile: "default"
2025-03-26 17:14:07,349 [main] INFO  c.example.demo.DemoApplicationTests - Started DemoApplicationTests in 1.205 seconds (JVM running for 1.964)
2025-03-26 17:14:36,030 [main] INFO  com.example.demo.DemoApplication - Starting DemoApplication using Java 17.0.12 on DESKTOP-T79U3K4 with PID 18460 (C:\Users\naples\Desktop\Vue\demo\demo-start\target\demo-start-0.0.1-SNAPSHOT.jar started by naples in C:\Users\naples\Desktop\Vue\demo\demo-start)
2025-03-26 17:14:36,033 [main] INFO  com.example.demo.DemoApplication - No active profile set, falling back to 1 default profile: "default"
2025-03-26 17:14:36,750 [main] INFO  o.s.b.w.e.tomcat.TomcatWebServer - Tomcat initialized with port(s): 8080 (http)
2025-03-26 17:14:36,757 [main] INFO  o.a.coyote.http11.Http11NioProtocol - Initializing ProtocolHandler ["http-nio-8080"]
2025-03-26 17:14:36,758 [main] INFO  o.a.catalina.core.StandardService - Starting service [Tomcat]
2025-03-26 17:14:36,758 [main] INFO  o.a.catalina.core.StandardEngine - Starting Servlet engine: [Apache Tomcat/9.0.69]
2025-03-26 17:14:36,815 [main] INFO  o.a.c.c.C.[Tomcat].[localhost].[/] - Initializing Spring embedded WebApplicationContext
2025-03-26 17:14:36,815 [main] INFO  o.s.b.w.s.c.ServletWebServerApplicationContext - Root WebApplicationContext: initialization completed in 739 ms
2025-03-26 17:14:37,141 [main] INFO  o.a.coyote.http11.Http11NioProtocol - Starting ProtocolHandler ["http-nio-8080"]
2025-03-26 17:14:37,162 [main] INFO  o.s.b.w.e.tomcat.TomcatWebServer - Tomcat started on port(s): 8080 (http) with context path ''
2025-03-26 17:14:37,169 [main] INFO  com.example.demo.DemoApplication - Started DemoApplication in 1.457 seconds (JVM running for 1.802)
2025-03-26 17:14:49,941 [http-nio-8080-exec-1] INFO  o.a.c.c.C.[Tomcat].[localhost].[/] - Initializing Spring DispatcherServlet 'dispatcherServlet'
2025-03-26 17:14:49,943 [http-nio-8080-exec-1] INFO  o.s.web.servlet.DispatcherServlet - Initializing Servlet 'dispatcherServlet'
2025-03-26 17:14:49,945 [http-nio-8080-exec-1] INFO  o.s.web.servlet.DispatcherServlet - Completed initialization in 2 ms
